{"level":"info","message":"Listening on port 3900...","timestamp":"2018-07-25T19:02:18.260Z"}
{"level":"info","message":"Connected to mongodb://localhost/vidly...","timestamp":"2018-07-25T19:02:18.281Z"}
{"level":"info","message":"Listening on port 3900...","timestamp":"2018-07-25T19:09:55.035Z"}
{"level":"info","message":"Connected to mongodb://localhost/vidly...","timestamp":"2018-07-25T19:09:55.055Z"}
{"message":"Cannot read property 'isAdmin' of undefined","stack":"TypeError: Cannot read property 'isAdmin' of undefined\n    at module.exports (/Users/moshfeghhamedani/Dropbox/Courses/React/Demo/vidly-api-node/middleware/admin.js:8:17)\n    at /Users/moshfeghhamedani/Dropbox/Courses/React/Demo/vidly-api-node/node_modules/express-async-errors/index.js:17:17\n    at Layer.handle [as handle_request] (/Users/moshfeghhamedani/Dropbox/Courses/React/Demo/vidly-api-node/node_modules/express/lib/router/layer.js:95:5)\n    at next (/Users/moshfeghhamedani/Dropbox/Courses/React/Demo/vidly-api-node/node_modules/express/lib/router/route.js:137:13)\n    at module.exports (/Users/moshfeghhamedani/Dropbox/Courses/React/Demo/vidly-api-node/middleware/auth.js:5:36)\n    at /Users/moshfeghhamedani/Dropbox/Courses/React/Demo/vidly-api-node/node_modules/express-async-errors/index.js:17:17\n    at Layer.handle [as handle_request] (/Users/moshfeghhamedani/Dropbox/Courses/React/Demo/vidly-api-node/node_modules/express/lib/router/layer.js:95:5)\n    at next (/Users/moshfeghhamedani/Dropbox/Courses/React/Demo/vidly-api-node/node_modules/express/lib/router/route.js:137:13)\n    at Route.dispatch (/Users/moshfeghhamedani/Dropbox/Courses/React/Demo/vidly-api-node/node_modules/express/lib/router/route.js:112:3)\n    at /Users/moshfeghhamedani/Dropbox/Courses/React/Demo/vidly-api-node/node_modules/express-async-errors/index.js:17:17\n    at Layer.handle [as handle_request] (/Users/moshfeghhamedani/Dropbox/Courses/React/Demo/vidly-api-node/node_modules/express/lib/router/layer.js:95:5)\n    at /Users/moshfeghhamedani/Dropbox/Courses/React/Demo/vidly-api-node/node_modules/express/lib/router/index.js:281:22\n    at Function.process_params (/Users/moshfeghhamedani/Dropbox/Courses/React/Demo/vidly-api-node/node_modules/express/lib/router/index.js:335:12)\n    at next (/Users/moshfeghhamedani/Dropbox/Courses/React/Demo/vidly-api-node/node_modules/express/lib/router/index.js:275:10)\n    at Function.handle (/Users/moshfeghhamedani/Dropbox/Courses/React/Demo/vidly-api-node/node_modules/express/lib/router/index.js:174:3)\n    at router (/Users/moshfeghhamedani/Dropbox/Courses/React/Demo/vidly-api-node/node_modules/express/lib/router/index.js:47:12)","level":"error","timestamp":"2018-07-25T19:11:08.638Z"}
{"level":"info","message":"Listening on port 3900...","timestamp":"2018-07-25T19:11:36.087Z"}
{"level":"info","message":"Connected to mongodb://localhost/vidly...","timestamp":"2018-07-25T19:11:36.108Z"}
{"level":"info","message":"Listening on port 3900...","timestamp":"2018-07-25T19:11:40.247Z"}
{"level":"info","message":"Connected to mongodb://localhost/vidly...","timestamp":"2018-07-25T19:11:40.267Z"}
{"level":"info","message":"Listening on port 3900...","timestamp":"2018-07-25T19:11:52.261Z"}
{"level":"info","message":"Connected to mongodb://localhost/vidly...","timestamp":"2018-07-25T19:11:52.282Z"}
{"level":"info","message":"Listening on port 3900...","timestamp":"2019-11-12T22:18:17.960Z"}
{"level":"info","message":"Connected to mongodb://localhost/vidly...","timestamp":"2019-11-12T22:18:19.997Z"}
{"level":"info","message":"Listening on port 3900...","timestamp":"2019-11-12T22:19:56.498Z"}
{"level":"info","message":"Connected to mongodb://localhost/vidly...","timestamp":"2019-11-12T22:19:58.531Z"}
{"level":"info","message":"Listening on port 3900...","timestamp":"2019-11-12T22:29:12.751Z"}
{"level":"info","message":"Connected to mongodb://localhost/vidly...","timestamp":"2019-11-12T22:29:14.786Z"}
{"level":"info","message":"Listening on port 3900...","timestamp":"2019-11-12T23:28:35.766Z"}
{"level":"info","message":"Connected to mongodb://localhost/vidly...","timestamp":"2019-11-12T23:28:37.805Z"}
{"level":"info","message":"Listening on port 3900...","timestamp":"2019-11-14T00:23:21.807Z"}
{"level":"info","message":"Connected to mongodb://localhost/vidly...","timestamp":"2019-11-14T00:23:23.844Z"}
{"level":"info","message":"Listening on port 3900...","timestamp":"2019-11-15T03:02:26.276Z"}
{"level":"info","message":"Connected to mongodb://localhost/vidly...","timestamp":"2019-11-15T03:02:28.321Z"}
{"level":"info","message":"Listening on port 3900...","timestamp":"2019-11-15T18:29:56.744Z"}
{"level":"info","message":"Connected to mongodb://localhost/vidly...","timestamp":"2019-11-15T18:29:58.781Z"}
{"level":"info","message":"Listening on port 3900...","timestamp":"2019-11-18T12:48:22.376Z"}
{"level":"info","message":"Connected to mongodb://localhost/vidly...","timestamp":"2019-11-18T12:48:24.418Z"}
{"level":"info","message":"Listening on port 3900...","timestamp":"2019-11-18T15:03:12.231Z"}
{"level":"info","message":"Connected to mongodb://localhost/vidly...","timestamp":"2019-11-18T15:03:14.270Z"}
{"level":"info","message":"Listening on port 3900...","timestamp":"2019-11-19T03:23:11.777Z"}
{"level":"info","message":"Connected to mongodb://localhost/vidly...","timestamp":"2019-11-19T03:23:13.823Z"}
{"message":"Unexpected token } in JSON at position 72","stack":"SyntaxError: Unexpected token } in JSON at position 72\n    at JSON.parse (<anonymous>)\n    at parse (C:\\Users\\wedi_\\react-workspace\\movies - vidly\\node_modules\\body-parser\\lib\\types\\json.js:89:19)\n    at C:\\Users\\wedi_\\react-workspace\\movies - vidly\\node_modules\\body-parser\\lib\\read.js:121:18\n    at invokeCallback (C:\\Users\\wedi_\\react-workspace\\movies - vidly\\node_modules\\raw-body\\index.js:224:16)\n    at done (C:\\Users\\wedi_\\react-workspace\\movies - vidly\\node_modules\\raw-body\\index.js:213:7)\n    at IncomingMessage.onEnd (C:\\Users\\wedi_\\react-workspace\\movies - vidly\\node_modules\\raw-body\\index.js:273:7)\n    at IncomingMessage.emit (events.js:201:15)\n    at endReadableNT (_stream_readable.js:1130:12)\n    at processTicksAndRejections (internal/process/task_queues.js:84:17)","expose":true,"statusCode":400,"status":400,"body":"{\n\t\"email\":\"user@domain.com\",\n\t\"password\":\"123456\",\n\t\"name\":\"million\",\n\n}","type":"entity.parse.failed","level":"error","timestamp":"2019-11-19T05:40:47.672Z"}
{"message":"Unexpected token } in JSON at position 72","stack":"SyntaxError: Unexpected token } in JSON at position 72\n    at JSON.parse (<anonymous>)\n    at parse (C:\\Users\\wedi_\\react-workspace\\movies - vidly\\node_modules\\body-parser\\lib\\types\\json.js:89:19)\n    at C:\\Users\\wedi_\\react-workspace\\movies - vidly\\node_modules\\body-parser\\lib\\read.js:121:18\n    at invokeCallback (C:\\Users\\wedi_\\react-workspace\\movies - vidly\\node_modules\\raw-body\\index.js:224:16)\n    at done (C:\\Users\\wedi_\\react-workspace\\movies - vidly\\node_modules\\raw-body\\index.js:213:7)\n    at IncomingMessage.onEnd (C:\\Users\\wedi_\\react-workspace\\movies - vidly\\node_modules\\raw-body\\index.js:273:7)\n    at IncomingMessage.emit (events.js:201:15)\n    at endReadableNT (_stream_readable.js:1130:12)\n    at processTicksAndRejections (internal/process/task_queues.js:84:17)","expose":true,"statusCode":400,"status":400,"body":"{\n\t\"email\":\"user@domain.com\",\n\t\"password\":\"123456\",\n\t\"name\":\"million\",\n\n}","type":"entity.parse.failed","level":"error","timestamp":"2019-11-19T05:43:05.243Z"}
{"level":"info","message":"Listening on port 3900...","timestamp":"2019-12-04T02:57:17.268Z"}
{"level":"info","message":"Connected to mongodb://localhost/vidly...","timestamp":"2019-12-04T02:57:19.307Z"}
{"level":"info","message":"Listening on port 3900...","timestamp":"2019-12-04T11:36:33.444Z"}
{"level":"info","message":"Connected to mongodb://localhost/vidly...","timestamp":"2019-12-04T11:36:35.481Z"}
{"level":"info","message":"Listening on port 3900...","timestamp":"2019-12-05T23:01:34.500Z"}
{"level":"info","message":"Connected to mongodb://localhost/vidly...","timestamp":"2019-12-05T23:01:36.549Z"}
{"level":"info","message":"Listening on port 3900...","timestamp":"2019-12-06T03:47:44.883Z"}
{"level":"info","message":"Connected to mongodb://localhost/vidly...","timestamp":"2019-12-06T03:47:46.924Z"}
{"message":"Unexpected token } in JSON at position 55","stack":"SyntaxError: Unexpected token } in JSON at position 55\n    at JSON.parse (<anonymous>)\n    at parse (C:\\Users\\wedi_\\react-workspace\\movies - vidly\\node_modules\\body-parser\\lib\\types\\json.js:89:19)\n    at C:\\Users\\wedi_\\react-workspace\\movies - vidly\\node_modules\\body-parser\\lib\\read.js:121:18\n    at invokeCallback (C:\\Users\\wedi_\\react-workspace\\movies - vidly\\node_modules\\raw-body\\index.js:224:16)\n    at done (C:\\Users\\wedi_\\react-workspace\\movies - vidly\\node_modules\\raw-body\\index.js:213:7)\n    at IncomingMessage.onEnd (C:\\Users\\wedi_\\react-workspace\\movies - vidly\\node_modules\\raw-body\\index.js:273:7)\n    at IncomingMessage.emit (events.js:201:15)\n    at endReadableNT (_stream_readable.js:1130:12)\n    at processTicksAndRejections (internal/process/task_queues.js:84:17)","expose":true,"statusCode":400,"status":400,"body":"{\n\t\"email\":\"users@domain.com\",\n\t\"password\":\"123456\",\n\n\n}","type":"entity.parse.failed","level":"error","timestamp":"2019-12-06T04:35:24.453Z"}
{"message":"Unexpected token } in JSON at position 55","stack":"SyntaxError: Unexpected token } in JSON at position 55\n    at JSON.parse (<anonymous>)\n    at parse (C:\\Users\\wedi_\\react-workspace\\movies - vidly\\node_modules\\body-parser\\lib\\types\\json.js:89:19)\n    at C:\\Users\\wedi_\\react-workspace\\movies - vidly\\node_modules\\body-parser\\lib\\read.js:121:18\n    at invokeCallback (C:\\Users\\wedi_\\react-workspace\\movies - vidly\\node_modules\\raw-body\\index.js:224:16)\n    at done (C:\\Users\\wedi_\\react-workspace\\movies - vidly\\node_modules\\raw-body\\index.js:213:7)\n    at IncomingMessage.onEnd (C:\\Users\\wedi_\\react-workspace\\movies - vidly\\node_modules\\raw-body\\index.js:273:7)\n    at IncomingMessage.emit (events.js:201:15)\n    at endReadableNT (_stream_readable.js:1130:12)\n    at processTicksAndRejections (internal/process/task_queues.js:84:17)","expose":true,"statusCode":400,"status":400,"body":"{\n\t\"email\":\"users@domain.com\",\n\t\"password\":\"123456\",\n\n\n}","type":"entity.parse.failed","level":"error","timestamp":"2019-12-06T04:36:14.953Z"}
{"message":"Unexpected token } in JSON at position 55","stack":"SyntaxError: Unexpected token } in JSON at position 55\n    at JSON.parse (<anonymous>)\n    at parse (C:\\Users\\wedi_\\react-workspace\\movies - vidly\\node_modules\\body-parser\\lib\\types\\json.js:89:19)\n    at C:\\Users\\wedi_\\react-workspace\\movies - vidly\\node_modules\\body-parser\\lib\\read.js:121:18\n    at invokeCallback (C:\\Users\\wedi_\\react-workspace\\movies - vidly\\node_modules\\raw-body\\index.js:224:16)\n    at done (C:\\Users\\wedi_\\react-workspace\\movies - vidly\\node_modules\\raw-body\\index.js:213:7)\n    at IncomingMessage.onEnd (C:\\Users\\wedi_\\react-workspace\\movies - vidly\\node_modules\\raw-body\\index.js:273:7)\n    at IncomingMessage.emit (events.js:201:15)\n    at endReadableNT (_stream_readable.js:1130:12)\n    at processTicksAndRejections (internal/process/task_queues.js:84:17)","expose":true,"statusCode":400,"status":400,"body":"{\n\t\"email\":\"users@domain.com\",\n\t\"password\":\"123456\",\n\n\n}","type":"entity.parse.failed","level":"error","timestamp":"2019-12-06T04:36:27.793Z"}
{"level":"info","message":"Listening on port 3900...","timestamp":"2019-12-12T11:21:12.023Z"}
{"level":"info","message":"Connected to mongodb://localhost/vidly...","timestamp":"2019-12-12T11:21:14.054Z"}
{"level":"info","message":"Listening on port 3900...","timestamp":"2019-12-13T13:11:24.803Z"}
{"level":"info","message":"Connected to mongodb://localhost/vidly...","timestamp":"2019-12-13T13:11:26.860Z"}
{"level":"info","message":"Listening on port 3900...","timestamp":"2019-12-18T15:28:40.969Z"}
{"level":"info","message":"Connected to mongodb://localhost/vidly...","timestamp":"2019-12-18T15:28:43.013Z"}
{"message":"Unexpected string in JSON at position 20","stack":"SyntaxError: Unexpected string in JSON at position 20\n    at JSON.parse (<anonymous>)\n    at parse (C:\\Users\\wedi_\\react-workspace\\movies - vidly\\node_modules\\body-parser\\lib\\types\\json.js:89:19)\n    at C:\\Users\\wedi_\\react-workspace\\movies - vidly\\node_modules\\body-parser\\lib\\read.js:121:18\n    at invokeCallback (C:\\Users\\wedi_\\react-workspace\\movies - vidly\\node_modules\\raw-body\\index.js:224:16)\n    at done (C:\\Users\\wedi_\\react-workspace\\movies - vidly\\node_modules\\raw-body\\index.js:213:7)\n    at IncomingMessage.onEnd (C:\\Users\\wedi_\\react-workspace\\movies - vidly\\node_modules\\raw-body\\index.js:273:7)\n    at IncomingMessage.emit (events.js:201:15)\n    at endReadableNT (_stream_readable.js:1130:12)\n    at processTicksAndRejections (internal/process/task_queues.js:84:17)","expose":true,"statusCode":400,"status":400,"body":"{\n\t\"name\":\"miriam\"\n\t\"email\":\"user4@domain.com\",\n\t\"password\":\"123456\"\n}","type":"entity.parse.failed","level":"error","timestamp":"2019-12-18T18:06:10.067Z"}
{"message":"Unexpected string in JSON at position 20","stack":"SyntaxError: Unexpected string in JSON at position 20\n    at JSON.parse (<anonymous>)\n    at parse (C:\\Users\\wedi_\\react-workspace\\movies - vidly\\node_modules\\body-parser\\lib\\types\\json.js:89:19)\n    at C:\\Users\\wedi_\\react-workspace\\movies - vidly\\node_modules\\body-parser\\lib\\read.js:121:18\n    at invokeCallback (C:\\Users\\wedi_\\react-workspace\\movies - vidly\\node_modules\\raw-body\\index.js:224:16)\n    at done (C:\\Users\\wedi_\\react-workspace\\movies - vidly\\node_modules\\raw-body\\index.js:213:7)\n    at IncomingMessage.onEnd (C:\\Users\\wedi_\\react-workspace\\movies - vidly\\node_modules\\raw-body\\index.js:273:7)\n    at IncomingMessage.emit (events.js:201:15)\n    at endReadableNT (_stream_readable.js:1130:12)\n    at processTicksAndRejections (internal/process/task_queues.js:84:17)","expose":true,"statusCode":400,"status":400,"body":"{\n\t\"name\":\"miriam\"\n\t\"email\":\"user4@domain.com\",\n\n}","type":"entity.parse.failed","level":"error","timestamp":"2019-12-18T18:06:36.766Z"}
{"level":"info","message":"Listening on port 3900...","timestamp":"2019-12-19T03:52:51.395Z"}
{"level":"info","message":"Connected to mongodb://localhost/vidly...","timestamp":"2019-12-19T03:52:53.449Z"}
{"level":"info","message":"Listening on port 3900...","timestamp":"2019-12-19T16:09:27.233Z"}
{"level":"info","message":"Connected to mongodb://localhost/vidly...","timestamp":"2019-12-19T16:09:29.288Z"}
{"level":"info","message":"Listening on port 3900...","timestamp":"2019-12-20T02:15:41.168Z"}
{"level":"info","message":"Connected to mongodb://localhost/vidly...","timestamp":"2019-12-20T02:15:43.210Z"}
{"level":"info","message":"Listening on port 3900...","timestamp":"2019-12-20T21:57:43.671Z"}
{"level":"info","message":"Connected to mongodb://localhost/vidly...","timestamp":"2019-12-20T21:57:45.719Z"}
{"level":"info","message":"Listening on port 3900...","timestamp":"2019-12-27T00:37:11.718Z"}
{"level":"info","message":"Connected to mongodb://localhost/vidly...","timestamp":"2019-12-27T00:37:13.781Z"}
{"level":"info","message":"Listening on port 3900...","timestamp":"2019-12-27T03:07:17.448Z"}
{"level":"info","message":"Connected to mongodb://localhost/vidly...","timestamp":"2019-12-27T03:07:19.485Z"}
{"level":"info","message":"Listening on port 3900...","timestamp":"2019-12-30T17:38:08.985Z"}
{"level":"info","message":"Connected to mongodb://localhost/vidly...","timestamp":"2019-12-30T17:38:11.032Z"}
{"level":"info","message":"Listening on port 3900...","timestamp":"2019-12-31T03:27:41.260Z"}
{"level":"info","message":"Connected to mongodb://localhost/vidly...","timestamp":"2019-12-31T03:27:43.301Z"}
{"level":"info","message":"Listening on port 3900...","timestamp":"2020-01-01T17:09:08.552Z"}
{"level":"info","message":"Connected to mongodb://localhost/vidly...","timestamp":"2020-01-01T17:09:10.601Z"}
{"level":"info","message":"Listening on port 3900...","timestamp":"2020-01-02T16:21:06.015Z"}
{"level":"info","message":"Connected to mongodb://localhost/vidly...","timestamp":"2020-01-02T16:21:08.053Z"}
{"level":"info","message":"Listening on port 3900...","timestamp":"2020-01-03T20:06:27.154Z"}
{"level":"info","message":"Connected to mongodb://localhost/vidly...","timestamp":"2020-01-03T20:06:29.193Z"}
{"level":"info","message":"Listening on port 3900...","timestamp":"2020-01-03T21:51:20.285Z"}
{"level":"info","message":"Listening on port 3900...","timestamp":"2020-01-03T21:51:21.745Z"}
{"level":"info","message":"Connected to mongodb://localhost/vidly...","timestamp":"2020-01-03T21:51:23.792Z"}
{"level":"info","message":"Listening on port 3900...","timestamp":"2020-01-03T21:51:25.256Z"}
{"level":"info","message":"Listening on port 3900...","timestamp":"2020-01-03T21:51:26.948Z"}
{"level":"info","message":"Listening on port 3900...","timestamp":"2020-01-03T21:51:28.438Z"}
{"level":"info","message":"Connected to mongodb://localhost/vidly...","timestamp":"2020-01-03T21:51:30.485Z"}
{"level":"info","message":"Listening on port 3900...","timestamp":"2020-01-03T21:51:31.495Z"}
{"level":"info","message":"Connected to mongodb://localhost/vidly...","timestamp":"2020-01-03T21:51:33.543Z"}
{"level":"info","message":"Listening on port 3900...","timestamp":"2020-01-03T21:51:36.694Z"}
{"level":"info","message":"Connected to mongodb://localhost/vidly...","timestamp":"2020-01-03T21:51:38.722Z"}
{"level":"info","message":"Listening on port 3900...","timestamp":"2020-01-03T21:51:41.118Z"}
{"level":"info","message":"Connected to mongodb://localhost/vidly...","timestamp":"2020-01-03T21:51:43.178Z"}
{"level":"info","message":"Listening on port 3900...","timestamp":"2020-01-03T21:51:45.846Z"}
{"level":"info","message":"Listening on port 3900...","timestamp":"2020-01-03T21:51:48.212Z"}
{"level":"info","message":"Connected to mongodb://localhost/vidly...","timestamp":"2020-01-03T21:51:50.245Z"}
{"level":"info","message":"Listening on port 3900...","timestamp":"2020-01-03T21:51:51.008Z"}
{"level":"info","message":"Connected to mongodb://localhost/vidly...","timestamp":"2020-01-03T21:51:53.036Z"}
{"level":"info","message":"Listening on port 3900...","timestamp":"2020-01-03T21:52:10.303Z"}
{"level":"info","message":"Listening on port 3900...","timestamp":"2020-01-03T21:52:12.381Z"}
{"level":"info","message":"Connected to mongodb://localhost/vidly...","timestamp":"2020-01-03T21:52:14.413Z"}
{"level":"info","message":"Listening on port 3900...","timestamp":"2020-01-03T21:52:19.160Z"}
{"level":"info","message":"Connected to mongodb://localhost/vidly...","timestamp":"2020-01-03T21:52:21.216Z"}
{"level":"info","message":"Listening on port 3900...","timestamp":"2020-01-03T21:52:23.124Z"}
{"level":"info","message":"Connected to mongodb://localhost/vidly...","timestamp":"2020-01-03T21:52:25.153Z"}
{"level":"info","message":"Listening on port 3900...","timestamp":"2020-01-04T23:34:24.998Z"}
{"level":"info","message":"Connected to mongodb://localhost/vidly...","timestamp":"2020-01-04T23:34:27.051Z"}
{"level":"info","message":"Listening on port 3900...","timestamp":"2020-01-05T00:43:27.684Z"}
{"level":"info","message":"Connected to mongodb://localhost/vidly...","timestamp":"2020-01-05T00:43:29.728Z"}
{"level":"info","message":"Listening on port 3900...","timestamp":"2020-01-07T13:52:34.340Z"}
{"level":"info","message":"Connected to mongodb://localhost/vidly...","timestamp":"2020-01-07T13:52:36.378Z"}
{"level":"info","message":"Listening on port 3900...","timestamp":"2020-01-09T11:11:27.632Z"}
{"level":"info","message":"Connected to mongodb://localhost/vidly...","timestamp":"2020-01-09T11:11:29.681Z"}
{"level":"info","message":"Listening on port 3900...","timestamp":"2020-01-09T13:18:12.388Z"}
{"level":"info","message":"Connected to mongodb://localhost/vidly...","timestamp":"2020-01-09T13:18:14.426Z"}
{"level":"info","message":"Listening on port 3900...","timestamp":"2020-01-09T13:52:20.309Z"}
{"level":"info","message":"Connected to mongodb://localhost/vidly...","timestamp":"2020-01-09T13:52:22.337Z"}
{"level":"info","message":"Listening on port 3900...","timestamp":"2020-01-09T22:12:25.726Z"}
{"level":"info","message":"Connected to mongodb://localhost/vidly...","timestamp":"2020-01-09T22:12:27.760Z"}
{"level":"info","message":"Listening on port 3900...","timestamp":"2020-01-10T18:16:30.603Z"}
{"level":"info","message":"Connected to mongodb://localhost/vidly...","timestamp":"2020-01-10T18:16:32.640Z"}
{"level":"info","message":"Listening on port 3900...","timestamp":"2020-01-10T23:46:51.467Z"}
{"level":"info","message":"Connected to mongodb://localhost/vidly...","timestamp":"2020-01-10T23:46:53.522Z"}
{"level":"info","message":"Listening on port 3900...","timestamp":"2020-01-13T15:34:57.765Z"}
{"level":"info","message":"Connected to mongodb://localhost/vidly...","timestamp":"2020-01-13T15:34:59.828Z"}
{"level":"info","message":"Listening on port 3900...","timestamp":"2020-01-14T12:20:39.581Z"}
{"level":"info","message":"Connected to mongodb://localhost/vidly...","timestamp":"2020-01-14T12:20:41.623Z"}
{"level":"info","message":"Listening on port 3900...","timestamp":"2020-01-15T04:06:23.486Z"}
{"level":"info","message":"Connected to mongodb://localhost/vidly...","timestamp":"2020-01-15T04:06:25.521Z"}
{"level":"info","message":"Listening on port 3900...","timestamp":"2020-01-15T14:05:43.838Z"}
{"level":"info","message":"Connected to mongodb://localhost/vidly...","timestamp":"2020-01-15T14:05:45.899Z"}
{"level":"info","message":"Listening on port 3900...","timestamp":"2020-01-17T16:23:44.889Z"}
{"level":"info","message":"Connected to mongodb://localhost/vidly...","timestamp":"2020-01-17T16:23:46.941Z"}
{"level":"info","message":"Listening on port 3900...","timestamp":"2020-01-20T16:14:50.421Z"}
{"level":"info","message":"Connected to mongodb://localhost/vidly...","timestamp":"2020-01-20T16:14:52.941Z"}
{"level":"info","message":"Listening on port 3900...","timestamp":"2020-01-20T18:29:56.630Z"}
{"level":"info","message":"Connected to mongodb://localhost/vidly...","timestamp":"2020-01-20T18:29:58.682Z"}
{"level":"info","message":"Listening on port 3900...","timestamp":"2020-01-20T23:57:50.604Z"}
{"level":"info","message":"Connected to mongodb://localhost/vidly...","timestamp":"2020-01-20T23:57:52.655Z"}
{"message":"Unexpected token } in JSON at position 24","stack":"SyntaxError: Unexpected token } in JSON at position 24\n    at JSON.parse (<anonymous>)\n    at parse (C:\\Users\\wedi_\\react-workspace\\movies - vidly\\node_modules\\body-parser\\lib\\types\\json.js:89:19)\n    at C:\\Users\\wedi_\\react-workspace\\movies - vidly\\node_modules\\body-parser\\lib\\read.js:121:18\n    at invokeCallback (C:\\Users\\wedi_\\react-workspace\\movies - vidly\\node_modules\\raw-body\\index.js:224:16)\n    at done (C:\\Users\\wedi_\\react-workspace\\movies - vidly\\node_modules\\raw-body\\index.js:213:7)\n    at IncomingMessage.onEnd (C:\\Users\\wedi_\\react-workspace\\movies - vidly\\node_modules\\raw-body\\index.js:273:7)\n    at IncomingMessage.emit (events.js:201:15)\n    at endReadableNT (_stream_readable.js:1130:12)\n    at processTicksAndRejections (internal/process/task_queues.js:84:17)","expose":true,"statusCode":400,"status":400,"body":"{\n\t\"name\":\"Romance\",\n\t\n\n}","type":"entity.parse.failed","level":"error","timestamp":"2020-01-21T01:12:16.343Z"}
{"level":"info","message":"Listening on port 3900...","timestamp":"2020-01-21T01:22:10.576Z"}
{"level":"info","message":"Connected to mongodb://localhost/vidly...","timestamp":"2020-01-21T01:22:12.606Z"}
{"level":"info","message":"Listening on port 3900...","timestamp":"2020-01-21T01:23:52.438Z"}
{"level":"info","message":"Connected to mongodb://localhost/vidly...","timestamp":"2020-01-21T01:23:54.477Z"}
{"level":"info","message":"Listening on port 3900...","timestamp":"2020-01-22T01:00:20.948Z"}
{"level":"info","message":"Connected to mongodb://localhost/vidly...","timestamp":"2020-01-22T01:00:23.004Z"}
{"level":"info","message":"Listening on port 3900...","timestamp":"2020-01-22T16:15:01.211Z"}
{"level":"info","message":"Connected to mongodb://localhost/vidly...","timestamp":"2020-01-22T16:15:03.248Z"}
{"level":"info","message":"Listening on port 3900...","timestamp":"2020-01-22T17:54:08.947Z"}
{"level":"info","message":"Connected to mongodb://localhost/vidly...","timestamp":"2020-01-22T17:54:10.980Z"}
{"level":"info","message":"Listening on port 3900...","timestamp":"2020-01-22T18:32:26.976Z"}
{"level":"info","message":"Connected to mongodb://localhost/vidly...","timestamp":"2020-01-22T18:32:29.013Z"}
{"level":"info","message":"Listening on port 3900...","timestamp":"2020-01-22T20:28:34.395Z"}
{"level":"info","message":"Connected to mongodb://localhost/vidly...","timestamp":"2020-01-22T20:28:36.441Z"}
{"level":"info","message":"Listening on port 3900...","timestamp":"2020-01-23T10:56:26.418Z"}
{"level":"info","message":"Connected to mongodb://localhost/vidly...","timestamp":"2020-01-23T10:56:28.522Z"}
{"level":"info","message":"Listening on port 3900...","timestamp":"2020-01-24T16:00:46.579Z"}
{"level":"info","message":"Connected to mongodb://localhost/vidly...","timestamp":"2020-01-24T16:00:48.621Z"}
{"level":"info","message":"Listening on port 3900...","timestamp":"2020-01-25T00:48:17.673Z"}
{"level":"info","message":"Connected to mongodb://localhost/vidly...","timestamp":"2020-01-25T00:48:19.721Z"}
{"level":"info","message":"Listening on port 3900...","timestamp":"2020-01-26T02:35:48.852Z"}
{"level":"info","message":"Connected to mongodb://localhost/vidly...","timestamp":"2020-01-26T02:35:50.893Z"}
{"level":"info","message":"Listening on port 3900...","timestamp":"2020-01-27T18:16:04.586Z"}
{"level":"info","message":"Connected to mongodb://localhost/vidly...","timestamp":"2020-01-27T18:16:06.626Z"}
{"level":"info","message":"Listening on port 3900...","timestamp":"2020-01-28T11:47:46.635Z"}
{"level":"info","message":"Connected to mongodb://localhost/vidly...","timestamp":"2020-01-28T11:47:48.693Z"}
{"level":"info","message":"Listening on port 3900...","timestamp":"2020-01-29T05:39:33.963Z"}
{"level":"info","message":"Connected to mongodb://localhost/vidly...","timestamp":"2020-01-29T05:39:36.026Z"}
{"level":"info","message":"Listening on port 3900...","timestamp":"2020-01-29T14:20:01.289Z"}
{"level":"info","message":"Connected to mongodb://localhost/vidly...","timestamp":"2020-01-29T14:20:03.326Z"}
{"level":"info","message":"Listening on port 3900...","timestamp":"2020-01-30T01:56:44.431Z"}
{"level":"info","message":"Connected to mongodb://localhost/vidly...","timestamp":"2020-01-30T01:56:46.466Z"}
{"level":"info","message":"Listening on port 3900...","timestamp":"2020-01-30T02:09:22.109Z"}
{"level":"info","message":"Connected to mongodb://localhost/vidly...","timestamp":"2020-01-30T02:09:24.150Z"}
{"level":"info","message":"Listening on port 3900...","timestamp":"2020-04-19T02:23:16.376Z"}
{"level":"info","message":"Connected to mongodb://localhost/vidly...","timestamp":"2020-04-19T02:23:18.430Z"}
{"level":"info","message":"Listening on port 3900...","timestamp":"2020-04-19T20:05:58.353Z"}
{"level":"info","message":"Connected to mongodb://localhost/vidly...","timestamp":"2020-04-19T20:06:00.390Z"}
{"level":"info","message":"Listening on port 3900...","timestamp":"2020-04-21T19:37:34.068Z"}
{"level":"info","message":"Connected to mongodb://localhost/vidly...","timestamp":"2020-04-21T19:37:36.101Z"}
{"level":"info","message":"Listening on port 3900...","timestamp":"2020-04-21T19:56:47.308Z"}
{"level":"info","message":"Connected to mongodb://localhost/vidly...","timestamp":"2020-04-21T19:56:49.351Z"}
{"level":"info","message":"Listening on port 3900...","timestamp":"2020-04-21T20:33:41.548Z"}
{"level":"info","message":"Connected to mongodb://localhost/vidly...","timestamp":"2020-04-21T20:33:43.584Z"}
{"level":"info","message":"Listening on port 3900...","timestamp":"2020-04-22T03:57:30.459Z"}
{"level":"info","message":"Connected to mongodb://localhost/ventilator...","timestamp":"2020-04-22T03:57:32.502Z"}
{"level":"info","message":"Listening on port 3900...","timestamp":"2020-04-22T04:31:02.299Z"}
{"level":"info","message":"Connected to mongodb://localhost/ventilator...","timestamp":"2020-04-22T04:31:04.345Z"}
{"level":"info","message":"Listening on port 3900...","timestamp":"2020-04-22T04:32:20.951Z"}
{"level":"info","message":"Connected to mongodb://localhost/ventilator...","timestamp":"2020-04-22T04:32:22.992Z"}
{"level":"info","message":"Listening on port 3900...","timestamp":"2020-04-23T00:14:55.053Z"}
{"level":"info","message":"Connected to mongodb://localhost/ventilator...","timestamp":"2020-04-23T00:14:57.092Z"}
{"level":"info","message":"Listening on port 3900...","timestamp":"2020-04-23T07:09:53.651Z"}
{"level":"info","message":"Connected to mongodb://localhost/ventilator...","timestamp":"2020-04-23T07:09:55.707Z"}
{"level":"info","message":"Listening on port 3900...","timestamp":"2020-04-23T16:50:44.133Z"}
{"level":"info","message":"Connected to mongodb://localhost/ventilator...","timestamp":"2020-04-23T16:50:46.328Z"}
{"level":"info","message":"Listening on port 3900...","timestamp":"2020-04-24T07:31:50.238Z"}
{"level":"info","message":"Connected to mongodb://localhost/ventilator...","timestamp":"2020-04-24T07:31:52.275Z"}
{"level":"info","message":"Listening on port 3900...","timestamp":"2020-04-24T07:50:18.495Z"}
{"level":"info","message":"Connected to mongodb://localhost/ventilator...","timestamp":"2020-04-24T07:50:20.534Z"}
{"level":"info","message":"Listening on port 3900...","timestamp":"2020-04-24T13:56:58.550Z"}
{"level":"info","message":"Connected to mongodb://localhost/ventilator...","timestamp":"2020-04-24T13:57:00.601Z"}
{"message":"Unexpected token u in JSON at position 6","stack":"SyntaxError: Unexpected token u in JSON at position 6\n    at JSON.parse (<anonymous>)\n    at parse (C:\\Users\\wedi_\\react-workspace\\ventilator-api\\node_modules\\body-parser\\lib\\types\\json.js:89:19)\n    at C:\\Users\\wedi_\\react-workspace\\ventilator-api\\node_modules\\body-parser\\lib\\read.js:121:18\n    at invokeCallback (C:\\Users\\wedi_\\react-workspace\\ventilator-api\\node_modules\\raw-body\\index.js:224:16)\n    at done (C:\\Users\\wedi_\\react-workspace\\ventilator-api\\node_modules\\raw-body\\index.js:213:7)\n    at IncomingMessage.onEnd (C:\\Users\\wedi_\\react-workspace\\ventilator-api\\node_modules\\raw-body\\index.js:273:7)\n    at IncomingMessage.emit (events.js:201:15)\n    at endReadableNT (_stream_readable.js:1130:12)\n    at processTicksAndRejections (internal/process/task_queues.js:84:17)","expose":true,"statusCode":400,"status":400,"body":" {\r\n  user\r\n  }","type":"entity.parse.failed","level":"error","timestamp":"2020-04-24T15:44:50.948Z"}
{"message":"Unexpected token u in JSON at position 6","stack":"SyntaxError: Unexpected token u in JSON at position 6\n    at JSON.parse (<anonymous>)\n    at parse (C:\\Users\\wedi_\\react-workspace\\ventilator-api\\node_modules\\body-parser\\lib\\types\\json.js:89:19)\n    at C:\\Users\\wedi_\\react-workspace\\ventilator-api\\node_modules\\body-parser\\lib\\read.js:121:18\n    at invokeCallback (C:\\Users\\wedi_\\react-workspace\\ventilator-api\\node_modules\\raw-body\\index.js:224:16)\n    at done (C:\\Users\\wedi_\\react-workspace\\ventilator-api\\node_modules\\raw-body\\index.js:213:7)\n    at IncomingMessage.onEnd (C:\\Users\\wedi_\\react-workspace\\ventilator-api\\node_modules\\raw-body\\index.js:273:7)\n    at IncomingMessage.emit (events.js:201:15)\n    at endReadableNT (_stream_readable.js:1130:12)\n    at processTicksAndRejections (internal/process/task_queues.js:84:17)","expose":true,"statusCode":400,"status":400,"body":" {\r\n  user\r\n  }","type":"entity.parse.failed","level":"error","timestamp":"2020-04-24T15:45:02.444Z"}
{"message":"Unexpected token u in JSON at position 6","stack":"SyntaxError: Unexpected token u in JSON at position 6\n    at JSON.parse (<anonymous>)\n    at parse (C:\\Users\\wedi_\\react-workspace\\ventilator-api\\node_modules\\body-parser\\lib\\types\\json.js:89:19)\n    at C:\\Users\\wedi_\\react-workspace\\ventilator-api\\node_modules\\body-parser\\lib\\read.js:121:18\n    at invokeCallback (C:\\Users\\wedi_\\react-workspace\\ventilator-api\\node_modules\\raw-body\\index.js:224:16)\n    at done (C:\\Users\\wedi_\\react-workspace\\ventilator-api\\node_modules\\raw-body\\index.js:213:7)\n    at IncomingMessage.onEnd (C:\\Users\\wedi_\\react-workspace\\ventilator-api\\node_modules\\raw-body\\index.js:273:7)\n    at IncomingMessage.emit (events.js:201:15)\n    at endReadableNT (_stream_readable.js:1130:12)\n    at processTicksAndRejections (internal/process/task_queues.js:84:17)","expose":true,"statusCode":400,"status":400,"body":" {\r\n  user\r\n  }","type":"entity.parse.failed","level":"error","timestamp":"2020-04-24T15:45:04.311Z"}
{"message":"Unexpected token u in JSON at position 6","stack":"SyntaxError: Unexpected token u in JSON at position 6\n    at JSON.parse (<anonymous>)\n    at parse (C:\\Users\\wedi_\\react-workspace\\ventilator-api\\node_modules\\body-parser\\lib\\types\\json.js:89:19)\n    at C:\\Users\\wedi_\\react-workspace\\ventilator-api\\node_modules\\body-parser\\lib\\read.js:121:18\n    at invokeCallback (C:\\Users\\wedi_\\react-workspace\\ventilator-api\\node_modules\\raw-body\\index.js:224:16)\n    at done (C:\\Users\\wedi_\\react-workspace\\ventilator-api\\node_modules\\raw-body\\index.js:213:7)\n    at IncomingMessage.onEnd (C:\\Users\\wedi_\\react-workspace\\ventilator-api\\node_modules\\raw-body\\index.js:273:7)\n    at IncomingMessage.emit (events.js:201:15)\n    at endReadableNT (_stream_readable.js:1130:12)\n    at processTicksAndRejections (internal/process/task_queues.js:84:17)","expose":true,"statusCode":400,"status":400,"body":" {\r\n  user\r\n  }","type":"entity.parse.failed","level":"error","timestamp":"2020-04-24T15:46:23.241Z"}
{"message":"Unexpected token u in JSON at position 6","stack":"SyntaxError: Unexpected token u in JSON at position 6\n    at JSON.parse (<anonymous>)\n    at parse (C:\\Users\\wedi_\\react-workspace\\ventilator-api\\node_modules\\body-parser\\lib\\types\\json.js:89:19)\n    at C:\\Users\\wedi_\\react-workspace\\ventilator-api\\node_modules\\body-parser\\lib\\read.js:121:18\n    at invokeCallback (C:\\Users\\wedi_\\react-workspace\\ventilator-api\\node_modules\\raw-body\\index.js:224:16)\n    at done (C:\\Users\\wedi_\\react-workspace\\ventilator-api\\node_modules\\raw-body\\index.js:213:7)\n    at IncomingMessage.onEnd (C:\\Users\\wedi_\\react-workspace\\ventilator-api\\node_modules\\raw-body\\index.js:273:7)\n    at IncomingMessage.emit (events.js:201:15)\n    at endReadableNT (_stream_readable.js:1130:12)\n    at processTicksAndRejections (internal/process/task_queues.js:84:17)","expose":true,"statusCode":400,"status":400,"body":" {\r\n  user\r\n  }","type":"entity.parse.failed","level":"error","timestamp":"2020-04-24T15:46:52.295Z"}
{"message":"Unexpected token u in JSON at position 6","stack":"SyntaxError: Unexpected token u in JSON at position 6\n    at JSON.parse (<anonymous>)\n    at parse (C:\\Users\\wedi_\\react-workspace\\ventilator-api\\node_modules\\body-parser\\lib\\types\\json.js:89:19)\n    at C:\\Users\\wedi_\\react-workspace\\ventilator-api\\node_modules\\body-parser\\lib\\read.js:121:18\n    at invokeCallback (C:\\Users\\wedi_\\react-workspace\\ventilator-api\\node_modules\\raw-body\\index.js:224:16)\n    at done (C:\\Users\\wedi_\\react-workspace\\ventilator-api\\node_modules\\raw-body\\index.js:213:7)\n    at IncomingMessage.onEnd (C:\\Users\\wedi_\\react-workspace\\ventilator-api\\node_modules\\raw-body\\index.js:273:7)\n    at IncomingMessage.emit (events.js:201:15)\n    at endReadableNT (_stream_readable.js:1130:12)\n    at processTicksAndRejections (internal/process/task_queues.js:84:17)","expose":true,"statusCode":400,"status":400,"body":" {\r\n  user\r\n  }","type":"entity.parse.failed","level":"error","timestamp":"2020-04-24T15:47:07.775Z"}
{"message":"Unexpected token u in JSON at position 6","stack":"SyntaxError: Unexpected token u in JSON at position 6\n    at JSON.parse (<anonymous>)\n    at parse (C:\\Users\\wedi_\\react-workspace\\ventilator-api\\node_modules\\body-parser\\lib\\types\\json.js:89:19)\n    at C:\\Users\\wedi_\\react-workspace\\ventilator-api\\node_modules\\body-parser\\lib\\read.js:121:18\n    at invokeCallback (C:\\Users\\wedi_\\react-workspace\\ventilator-api\\node_modules\\raw-body\\index.js:224:16)\n    at done (C:\\Users\\wedi_\\react-workspace\\ventilator-api\\node_modules\\raw-body\\index.js:213:7)\n    at IncomingMessage.onEnd (C:\\Users\\wedi_\\react-workspace\\ventilator-api\\node_modules\\raw-body\\index.js:273:7)\n    at IncomingMessage.emit (events.js:201:15)\n    at endReadableNT (_stream_readable.js:1130:12)\n    at processTicksAndRejections (internal/process/task_queues.js:84:17)","expose":true,"statusCode":400,"status":400,"body":" {\r\n  user\r\n  }","type":"entity.parse.failed","level":"error","timestamp":"2020-04-24T15:47:19.819Z"}
{"message":"Unexpected token u in JSON at position 6","stack":"SyntaxError: Unexpected token u in JSON at position 6\n    at JSON.parse (<anonymous>)\n    at parse (C:\\Users\\wedi_\\react-workspace\\ventilator-api\\node_modules\\body-parser\\lib\\types\\json.js:89:19)\n    at C:\\Users\\wedi_\\react-workspace\\ventilator-api\\node_modules\\body-parser\\lib\\read.js:121:18\n    at invokeCallback (C:\\Users\\wedi_\\react-workspace\\ventilator-api\\node_modules\\raw-body\\index.js:224:16)\n    at done (C:\\Users\\wedi_\\react-workspace\\ventilator-api\\node_modules\\raw-body\\index.js:213:7)\n    at IncomingMessage.onEnd (C:\\Users\\wedi_\\react-workspace\\ventilator-api\\node_modules\\raw-body\\index.js:273:7)\n    at IncomingMessage.emit (events.js:201:15)\n    at endReadableNT (_stream_readable.js:1130:12)\n    at processTicksAndRejections (internal/process/task_queues.js:84:17)","expose":true,"statusCode":400,"status":400,"body":" {\r\n  user\r\n  }","type":"entity.parse.failed","level":"error","timestamp":"2020-04-24T15:47:37.347Z"}
{"message":"Unexpected token u in JSON at position 6","stack":"SyntaxError: Unexpected token u in JSON at position 6\n    at JSON.parse (<anonymous>)\n    at parse (C:\\Users\\wedi_\\react-workspace\\ventilator-api\\node_modules\\body-parser\\lib\\types\\json.js:89:19)\n    at C:\\Users\\wedi_\\react-workspace\\ventilator-api\\node_modules\\body-parser\\lib\\read.js:121:18\n    at invokeCallback (C:\\Users\\wedi_\\react-workspace\\ventilator-api\\node_modules\\raw-body\\index.js:224:16)\n    at done (C:\\Users\\wedi_\\react-workspace\\ventilator-api\\node_modules\\raw-body\\index.js:213:7)\n    at IncomingMessage.onEnd (C:\\Users\\wedi_\\react-workspace\\ventilator-api\\node_modules\\raw-body\\index.js:273:7)\n    at IncomingMessage.emit (events.js:201:15)\n    at endReadableNT (_stream_readable.js:1130:12)\n    at processTicksAndRejections (internal/process/task_queues.js:84:17)","expose":true,"statusCode":400,"status":400,"body":" {\r\n  user\r\n  }","type":"entity.parse.failed","level":"error","timestamp":"2020-04-24T15:48:00.510Z"}
{"message":"Unexpected token u in JSON at position 6","stack":"SyntaxError: Unexpected token u in JSON at position 6\n    at JSON.parse (<anonymous>)\n    at parse (C:\\Users\\wedi_\\react-workspace\\ventilator-api\\node_modules\\body-parser\\lib\\types\\json.js:89:19)\n    at C:\\Users\\wedi_\\react-workspace\\ventilator-api\\node_modules\\body-parser\\lib\\read.js:121:18\n    at invokeCallback (C:\\Users\\wedi_\\react-workspace\\ventilator-api\\node_modules\\raw-body\\index.js:224:16)\n    at done (C:\\Users\\wedi_\\react-workspace\\ventilator-api\\node_modules\\raw-body\\index.js:213:7)\n    at IncomingMessage.onEnd (C:\\Users\\wedi_\\react-workspace\\ventilator-api\\node_modules\\raw-body\\index.js:273:7)\n    at IncomingMessage.emit (events.js:201:15)\n    at endReadableNT (_stream_readable.js:1130:12)\n    at processTicksAndRejections (internal/process/task_queues.js:84:17)","expose":true,"statusCode":400,"status":400,"body":" {\r\n  user\r\n  }","type":"entity.parse.failed","level":"error","timestamp":"2020-04-24T15:52:34.195Z"}
{"message":"Unexpected token u in JSON at position 6","stack":"SyntaxError: Unexpected token u in JSON at position 6\n    at JSON.parse (<anonymous>)\n    at parse (C:\\Users\\wedi_\\react-workspace\\ventilator-api\\node_modules\\body-parser\\lib\\types\\json.js:89:19)\n    at C:\\Users\\wedi_\\react-workspace\\ventilator-api\\node_modules\\body-parser\\lib\\read.js:121:18\n    at invokeCallback (C:\\Users\\wedi_\\react-workspace\\ventilator-api\\node_modules\\raw-body\\index.js:224:16)\n    at done (C:\\Users\\wedi_\\react-workspace\\ventilator-api\\node_modules\\raw-body\\index.js:213:7)\n    at IncomingMessage.onEnd (C:\\Users\\wedi_\\react-workspace\\ventilator-api\\node_modules\\raw-body\\index.js:273:7)\n    at IncomingMessage.emit (events.js:201:15)\n    at endReadableNT (_stream_readable.js:1130:12)\n    at processTicksAndRejections (internal/process/task_queues.js:84:17)","expose":true,"statusCode":400,"status":400,"body":" {\r\n  user\r\n  }","type":"entity.parse.failed","level":"error","timestamp":"2020-04-24T15:59:52.369Z"}
{"message":"Unexpected token u in JSON at position 6","stack":"SyntaxError: Unexpected token u in JSON at position 6\n    at JSON.parse (<anonymous>)\n    at parse (C:\\Users\\wedi_\\react-workspace\\ventilator-api\\node_modules\\body-parser\\lib\\types\\json.js:89:19)\n    at C:\\Users\\wedi_\\react-workspace\\ventilator-api\\node_modules\\body-parser\\lib\\read.js:121:18\n    at invokeCallback (C:\\Users\\wedi_\\react-workspace\\ventilator-api\\node_modules\\raw-body\\index.js:224:16)\n    at done (C:\\Users\\wedi_\\react-workspace\\ventilator-api\\node_modules\\raw-body\\index.js:213:7)\n    at IncomingMessage.onEnd (C:\\Users\\wedi_\\react-workspace\\ventilator-api\\node_modules\\raw-body\\index.js:273:7)\n    at IncomingMessage.emit (events.js:201:15)\n    at endReadableNT (_stream_readable.js:1130:12)\n    at processTicksAndRejections (internal/process/task_queues.js:84:17)","expose":true,"statusCode":400,"status":400,"body":" {\r\n  user\r\n  }","type":"entity.parse.failed","level":"error","timestamp":"2020-04-24T16:06:12.787Z"}
{"message":"Unexpected token u in JSON at position 6","stack":"SyntaxError: Unexpected token u in JSON at position 6\n    at JSON.parse (<anonymous>)\n    at parse (C:\\Users\\wedi_\\react-workspace\\ventilator-api\\node_modules\\body-parser\\lib\\types\\json.js:89:19)\n    at C:\\Users\\wedi_\\react-workspace\\ventilator-api\\node_modules\\body-parser\\lib\\read.js:121:18\n    at invokeCallback (C:\\Users\\wedi_\\react-workspace\\ventilator-api\\node_modules\\raw-body\\index.js:224:16)\n    at done (C:\\Users\\wedi_\\react-workspace\\ventilator-api\\node_modules\\raw-body\\index.js:213:7)\n    at IncomingMessage.onEnd (C:\\Users\\wedi_\\react-workspace\\ventilator-api\\node_modules\\raw-body\\index.js:273:7)\n    at IncomingMessage.emit (events.js:201:15)\n    at endReadableNT (_stream_readable.js:1130:12)\n    at processTicksAndRejections (internal/process/task_queues.js:84:17)","expose":true,"statusCode":400,"status":400,"body":" {\r\n  user\r\n  }","type":"entity.parse.failed","level":"error","timestamp":"2020-04-24T16:07:00.752Z"}
{"level":"info","message":"Listening on port 3900...","timestamp":"2020-04-24T16:08:09.930Z"}
{"level":"info","message":"Connected to mongodb://localhost/ventilator...","timestamp":"2020-04-24T16:08:11.967Z"}
{"message":"Unexpected token u in JSON at position 6","stack":"SyntaxError: Unexpected token u in JSON at position 6\n    at JSON.parse (<anonymous>)\n    at parse (C:\\Users\\wedi_\\react-workspace\\ventilator-api\\node_modules\\body-parser\\lib\\types\\json.js:89:19)\n    at C:\\Users\\wedi_\\react-workspace\\ventilator-api\\node_modules\\body-parser\\lib\\read.js:121:18\n    at invokeCallback (C:\\Users\\wedi_\\react-workspace\\ventilator-api\\node_modules\\raw-body\\index.js:224:16)\n    at done (C:\\Users\\wedi_\\react-workspace\\ventilator-api\\node_modules\\raw-body\\index.js:213:7)\n    at IncomingMessage.onEnd (C:\\Users\\wedi_\\react-workspace\\ventilator-api\\node_modules\\raw-body\\index.js:273:7)\n    at IncomingMessage.emit (events.js:201:15)\n    at endReadableNT (_stream_readable.js:1130:12)\n    at processTicksAndRejections (internal/process/task_queues.js:84:17)","expose":true,"statusCode":400,"status":400,"body":" {\r\n  user\r\n  }","type":"entity.parse.failed","level":"error","timestamp":"2020-04-24T16:08:35.522Z"}
{"message":"Unexpected token u in JSON at position 6","stack":"SyntaxError: Unexpected token u in JSON at position 6\n    at JSON.parse (<anonymous>)\n    at parse (C:\\Users\\wedi_\\react-workspace\\ventilator-api\\node_modules\\body-parser\\lib\\types\\json.js:89:19)\n    at C:\\Users\\wedi_\\react-workspace\\ventilator-api\\node_modules\\body-parser\\lib\\read.js:121:18\n    at invokeCallback (C:\\Users\\wedi_\\react-workspace\\ventilator-api\\node_modules\\raw-body\\index.js:224:16)\n    at done (C:\\Users\\wedi_\\react-workspace\\ventilator-api\\node_modules\\raw-body\\index.js:213:7)\n    at IncomingMessage.onEnd (C:\\Users\\wedi_\\react-workspace\\ventilator-api\\node_modules\\raw-body\\index.js:273:7)\n    at IncomingMessage.emit (events.js:201:15)\n    at endReadableNT (_stream_readable.js:1130:12)\n    at processTicksAndRejections (internal/process/task_queues.js:84:17)","expose":true,"statusCode":400,"status":400,"body":" {\r\n  user\r\n  }","type":"entity.parse.failed","level":"error","timestamp":"2020-04-24T16:11:18.870Z"}
{"message":"Unexpected token u in JSON at position 6","stack":"SyntaxError: Unexpected token u in JSON at position 6\n    at JSON.parse (<anonymous>)\n    at parse (C:\\Users\\wedi_\\react-workspace\\ventilator-api\\node_modules\\body-parser\\lib\\types\\json.js:89:19)\n    at C:\\Users\\wedi_\\react-workspace\\ventilator-api\\node_modules\\body-parser\\lib\\read.js:121:18\n    at invokeCallback (C:\\Users\\wedi_\\react-workspace\\ventilator-api\\node_modules\\raw-body\\index.js:224:16)\n    at done (C:\\Users\\wedi_\\react-workspace\\ventilator-api\\node_modules\\raw-body\\index.js:213:7)\n    at IncomingMessage.onEnd (C:\\Users\\wedi_\\react-workspace\\ventilator-api\\node_modules\\raw-body\\index.js:273:7)\n    at IncomingMessage.emit (events.js:201:15)\n    at endReadableNT (_stream_readable.js:1130:12)\n    at processTicksAndRejections (internal/process/task_queues.js:84:17)","expose":true,"statusCode":400,"status":400,"body":" {\r\n  user\r\n  }","type":"entity.parse.failed","level":"error","timestamp":"2020-04-24T16:12:56.426Z"}
{"message":"Unexpected token   in JSON at position 0","stack":"SyntaxError: Unexpected token # in JSON at position 0\n    at JSON.parse (<anonymous>)\n    at createStrictSyntaxError (C:\\Users\\wedi_\\react-workspace\\ventilator-api\\node_modules\\body-parser\\lib\\types\\json.js:157:10)\n    at parse (C:\\Users\\wedi_\\react-workspace\\ventilator-api\\node_modules\\body-parser\\lib\\types\\json.js:83:15)\n    at C:\\Users\\wedi_\\react-workspace\\ventilator-api\\node_modules\\body-parser\\lib\\read.js:121:18\n    at invokeCallback (C:\\Users\\wedi_\\react-workspace\\ventilator-api\\node_modules\\raw-body\\index.js:224:16)\n    at done (C:\\Users\\wedi_\\react-workspace\\ventilator-api\\node_modules\\raw-body\\index.js:213:7)\n    at IncomingMessage.onEnd (C:\\Users\\wedi_\\react-workspace\\ventilator-api\\node_modules\\raw-body\\index.js:273:7)\n    at IncomingMessage.emit (events.js:201:15)\n    at endReadableNT (_stream_readable.js:1130:12)\n    at processTicksAndRejections (internal/process/task_queues.js:84:17)","expose":true,"statusCode":400,"status":400,"body":" ","type":"entity.parse.failed","level":"error","timestamp":"2020-04-24T16:17:23.829Z"}
{"message":"Unexpected token   in JSON at position 0","stack":"SyntaxError: Unexpected token # in JSON at position 0\n    at JSON.parse (<anonymous>)\n    at createStrictSyntaxError (C:\\Users\\wedi_\\react-workspace\\ventilator-api\\node_modules\\body-parser\\lib\\types\\json.js:157:10)\n    at parse (C:\\Users\\wedi_\\react-workspace\\ventilator-api\\node_modules\\body-parser\\lib\\types\\json.js:83:15)\n    at C:\\Users\\wedi_\\react-workspace\\ventilator-api\\node_modules\\body-parser\\lib\\read.js:121:18\n    at invokeCallback (C:\\Users\\wedi_\\react-workspace\\ventilator-api\\node_modules\\raw-body\\index.js:224:16)\n    at done (C:\\Users\\wedi_\\react-workspace\\ventilator-api\\node_modules\\raw-body\\index.js:213:7)\n    at IncomingMessage.onEnd (C:\\Users\\wedi_\\react-workspace\\ventilator-api\\node_modules\\raw-body\\index.js:273:7)\n    at IncomingMessage.emit (events.js:201:15)\n    at endReadableNT (_stream_readable.js:1130:12)\n    at processTicksAndRejections (internal/process/task_queues.js:84:17)","expose":true,"statusCode":400,"status":400,"body":" ","type":"entity.parse.failed","level":"error","timestamp":"2020-04-24T16:18:10.059Z"}
{"message":"Unexpected token   in JSON at position 0","stack":"SyntaxError: Unexpected token # in JSON at position 0\n    at JSON.parse (<anonymous>)\n    at createStrictSyntaxError (C:\\Users\\wedi_\\react-workspace\\ventilator-api\\node_modules\\body-parser\\lib\\types\\json.js:157:10)\n    at parse (C:\\Users\\wedi_\\react-workspace\\ventilator-api\\node_modules\\body-parser\\lib\\types\\json.js:83:15)\n    at C:\\Users\\wedi_\\react-workspace\\ventilator-api\\node_modules\\body-parser\\lib\\read.js:121:18\n    at invokeCallback (C:\\Users\\wedi_\\react-workspace\\ventilator-api\\node_modules\\raw-body\\index.js:224:16)\n    at done (C:\\Users\\wedi_\\react-workspace\\ventilator-api\\node_modules\\raw-body\\index.js:213:7)\n    at IncomingMessage.onEnd (C:\\Users\\wedi_\\react-workspace\\ventilator-api\\node_modules\\raw-body\\index.js:273:7)\n    at IncomingMessage.emit (events.js:201:15)\n    at endReadableNT (_stream_readable.js:1130:12)\n    at processTicksAndRejections (internal/process/task_queues.js:84:17)","expose":true,"statusCode":400,"status":400,"body":" ","type":"entity.parse.failed","level":"error","timestamp":"2020-04-24T16:24:57.917Z"}
{"message":"Unexpected token   in JSON at position 0","stack":"SyntaxError: Unexpected token # in JSON at position 0\n    at JSON.parse (<anonymous>)\n    at createStrictSyntaxError (C:\\Users\\wedi_\\react-workspace\\ventilator-api\\node_modules\\body-parser\\lib\\types\\json.js:157:10)\n    at parse (C:\\Users\\wedi_\\react-workspace\\ventilator-api\\node_modules\\body-parser\\lib\\types\\json.js:83:15)\n    at C:\\Users\\wedi_\\react-workspace\\ventilator-api\\node_modules\\body-parser\\lib\\read.js:121:18\n    at invokeCallback (C:\\Users\\wedi_\\react-workspace\\ventilator-api\\node_modules\\raw-body\\index.js:224:16)\n    at done (C:\\Users\\wedi_\\react-workspace\\ventilator-api\\node_modules\\raw-body\\index.js:213:7)\n    at IncomingMessage.onEnd (C:\\Users\\wedi_\\react-workspace\\ventilator-api\\node_modules\\raw-body\\index.js:273:7)\n    at IncomingMessage.emit (events.js:201:15)\n    at endReadableNT (_stream_readable.js:1130:12)\n    at processTicksAndRejections (internal/process/task_queues.js:84:17)","expose":true,"statusCode":400,"status":400,"body":" ","type":"entity.parse.failed","level":"error","timestamp":"2020-04-24T16:25:14.242Z"}
{"message":"Unexpected token   in JSON at position 0","stack":"SyntaxError: Unexpected token # in JSON at position 0\n    at JSON.parse (<anonymous>)\n    at createStrictSyntaxError (C:\\Users\\wedi_\\react-workspace\\ventilator-api\\node_modules\\body-parser\\lib\\types\\json.js:157:10)\n    at parse (C:\\Users\\wedi_\\react-workspace\\ventilator-api\\node_modules\\body-parser\\lib\\types\\json.js:83:15)\n    at C:\\Users\\wedi_\\react-workspace\\ventilator-api\\node_modules\\body-parser\\lib\\read.js:121:18\n    at invokeCallback (C:\\Users\\wedi_\\react-workspace\\ventilator-api\\node_modules\\raw-body\\index.js:224:16)\n    at done (C:\\Users\\wedi_\\react-workspace\\ventilator-api\\node_modules\\raw-body\\index.js:213:7)\n    at IncomingMessage.onEnd (C:\\Users\\wedi_\\react-workspace\\ventilator-api\\node_modules\\raw-body\\index.js:273:7)\n    at IncomingMessage.emit (events.js:201:15)\n    at endReadableNT (_stream_readable.js:1130:12)\n    at processTicksAndRejections (internal/process/task_queues.js:84:17)","expose":true,"statusCode":400,"status":400,"body":" ","type":"entity.parse.failed","level":"error","timestamp":"2020-04-24T16:27:02.620Z"}
{"message":"Unexpected token   in JSON at position 0","stack":"SyntaxError: Unexpected token # in JSON at position 0\n    at JSON.parse (<anonymous>)\n    at createStrictSyntaxError (C:\\Users\\wedi_\\react-workspace\\ventilator-api\\node_modules\\body-parser\\lib\\types\\json.js:157:10)\n    at parse (C:\\Users\\wedi_\\react-workspace\\ventilator-api\\node_modules\\body-parser\\lib\\types\\json.js:83:15)\n    at C:\\Users\\wedi_\\react-workspace\\ventilator-api\\node_modules\\body-parser\\lib\\read.js:121:18\n    at invokeCallback (C:\\Users\\wedi_\\react-workspace\\ventilator-api\\node_modules\\raw-body\\index.js:224:16)\n    at done (C:\\Users\\wedi_\\react-workspace\\ventilator-api\\node_modules\\raw-body\\index.js:213:7)\n    at IncomingMessage.onEnd (C:\\Users\\wedi_\\react-workspace\\ventilator-api\\node_modules\\raw-body\\index.js:273:7)\n    at IncomingMessage.emit (events.js:201:15)\n    at endReadableNT (_stream_readable.js:1130:12)\n    at processTicksAndRejections (internal/process/task_queues.js:84:17)","expose":true,"statusCode":400,"status":400,"body":" ","type":"entity.parse.failed","level":"error","timestamp":"2020-04-24T16:27:20.089Z"}
{"message":"Unexpected token   in JSON at position 0","stack":"SyntaxError: Unexpected token # in JSON at position 0\n    at JSON.parse (<anonymous>)\n    at createStrictSyntaxError (C:\\Users\\wedi_\\react-workspace\\ventilator-api\\node_modules\\body-parser\\lib\\types\\json.js:157:10)\n    at parse (C:\\Users\\wedi_\\react-workspace\\ventilator-api\\node_modules\\body-parser\\lib\\types\\json.js:83:15)\n    at C:\\Users\\wedi_\\react-workspace\\ventilator-api\\node_modules\\body-parser\\lib\\read.js:121:18\n    at invokeCallback (C:\\Users\\wedi_\\react-workspace\\ventilator-api\\node_modules\\raw-body\\index.js:224:16)\n    at done (C:\\Users\\wedi_\\react-workspace\\ventilator-api\\node_modules\\raw-body\\index.js:213:7)\n    at IncomingMessage.onEnd (C:\\Users\\wedi_\\react-workspace\\ventilator-api\\node_modules\\raw-body\\index.js:273:7)\n    at IncomingMessage.emit (events.js:201:15)\n    at endReadableNT (_stream_readable.js:1130:12)\n    at processTicksAndRejections (internal/process/task_queues.js:84:17)","expose":true,"statusCode":400,"status":400,"body":" ","type":"entity.parse.failed","level":"error","timestamp":"2020-04-24T16:27:38.035Z"}
{"message":"Unexpected token   in JSON at position 0","stack":"SyntaxError: Unexpected token # in JSON at position 0\n    at JSON.parse (<anonymous>)\n    at createStrictSyntaxError (C:\\Users\\wedi_\\react-workspace\\ventilator-api\\node_modules\\body-parser\\lib\\types\\json.js:157:10)\n    at parse (C:\\Users\\wedi_\\react-workspace\\ventilator-api\\node_modules\\body-parser\\lib\\types\\json.js:83:15)\n    at C:\\Users\\wedi_\\react-workspace\\ventilator-api\\node_modules\\body-parser\\lib\\read.js:121:18\n    at invokeCallback (C:\\Users\\wedi_\\react-workspace\\ventilator-api\\node_modules\\raw-body\\index.js:224:16)\n    at done (C:\\Users\\wedi_\\react-workspace\\ventilator-api\\node_modules\\raw-body\\index.js:213:7)\n    at IncomingMessage.onEnd (C:\\Users\\wedi_\\react-workspace\\ventilator-api\\node_modules\\raw-body\\index.js:273:7)\n    at IncomingMessage.emit (events.js:201:15)\n    at endReadableNT (_stream_readable.js:1130:12)\n    at processTicksAndRejections (internal/process/task_queues.js:84:17)","expose":true,"statusCode":400,"status":400,"body":" ","type":"entity.parse.failed","level":"error","timestamp":"2020-04-24T16:27:51.990Z"}
{"message":"Unexpected token   in JSON at position 0","stack":"SyntaxError: Unexpected token # in JSON at position 0\n    at JSON.parse (<anonymous>)\n    at createStrictSyntaxError (C:\\Users\\wedi_\\react-workspace\\ventilator-api\\node_modules\\body-parser\\lib\\types\\json.js:157:10)\n    at parse (C:\\Users\\wedi_\\react-workspace\\ventilator-api\\node_modules\\body-parser\\lib\\types\\json.js:83:15)\n    at C:\\Users\\wedi_\\react-workspace\\ventilator-api\\node_modules\\body-parser\\lib\\read.js:121:18\n    at invokeCallback (C:\\Users\\wedi_\\react-workspace\\ventilator-api\\node_modules\\raw-body\\index.js:224:16)\n    at done (C:\\Users\\wedi_\\react-workspace\\ventilator-api\\node_modules\\raw-body\\index.js:213:7)\n    at IncomingMessage.onEnd (C:\\Users\\wedi_\\react-workspace\\ventilator-api\\node_modules\\raw-body\\index.js:273:7)\n    at IncomingMessage.emit (events.js:201:15)\n    at endReadableNT (_stream_readable.js:1130:12)\n    at processTicksAndRejections (internal/process/task_queues.js:84:17)","expose":true,"statusCode":400,"status":400,"body":" ","type":"entity.parse.failed","level":"error","timestamp":"2020-04-24T16:28:11.976Z"}
{"message":"Unexpected token   in JSON at position 0","stack":"SyntaxError: Unexpected token # in JSON at position 0\n    at JSON.parse (<anonymous>)\n    at createStrictSyntaxError (C:\\Users\\wedi_\\react-workspace\\ventilator-api\\node_modules\\body-parser\\lib\\types\\json.js:157:10)\n    at parse (C:\\Users\\wedi_\\react-workspace\\ventilator-api\\node_modules\\body-parser\\lib\\types\\json.js:83:15)\n    at C:\\Users\\wedi_\\react-workspace\\ventilator-api\\node_modules\\body-parser\\lib\\read.js:121:18\n    at invokeCallback (C:\\Users\\wedi_\\react-workspace\\ventilator-api\\node_modules\\raw-body\\index.js:224:16)\n    at done (C:\\Users\\wedi_\\react-workspace\\ventilator-api\\node_modules\\raw-body\\index.js:213:7)\n    at IncomingMessage.onEnd (C:\\Users\\wedi_\\react-workspace\\ventilator-api\\node_modules\\raw-body\\index.js:273:7)\n    at IncomingMessage.emit (events.js:201:15)\n    at endReadableNT (_stream_readable.js:1130:12)\n    at processTicksAndRejections (internal/process/task_queues.js:84:17)","expose":true,"statusCode":400,"status":400,"body":" ","type":"entity.parse.failed","level":"error","timestamp":"2020-04-24T16:29:09.805Z"}
{"message":"Unexpected token   in JSON at position 0","stack":"SyntaxError: Unexpected token # in JSON at position 0\n    at JSON.parse (<anonymous>)\n    at createStrictSyntaxError (C:\\Users\\wedi_\\react-workspace\\ventilator-api\\node_modules\\body-parser\\lib\\types\\json.js:157:10)\n    at parse (C:\\Users\\wedi_\\react-workspace\\ventilator-api\\node_modules\\body-parser\\lib\\types\\json.js:83:15)\n    at C:\\Users\\wedi_\\react-workspace\\ventilator-api\\node_modules\\body-parser\\lib\\read.js:121:18\n    at invokeCallback (C:\\Users\\wedi_\\react-workspace\\ventilator-api\\node_modules\\raw-body\\index.js:224:16)\n    at done (C:\\Users\\wedi_\\react-workspace\\ventilator-api\\node_modules\\raw-body\\index.js:213:7)\n    at IncomingMessage.onEnd (C:\\Users\\wedi_\\react-workspace\\ventilator-api\\node_modules\\raw-body\\index.js:273:7)\n    at IncomingMessage.emit (events.js:201:15)\n    at endReadableNT (_stream_readable.js:1130:12)\n    at processTicksAndRejections (internal/process/task_queues.js:84:17)","expose":true,"statusCode":400,"status":400,"body":" ","type":"entity.parse.failed","level":"error","timestamp":"2020-04-24T16:29:29.029Z"}
{"message":"Unexpected token u in JSON at position 5","stack":"SyntaxError: Unexpected token u in JSON at position 5\n    at JSON.parse (<anonymous>)\n    at parse (C:\\Users\\wedi_\\react-workspace\\ventilator-api\\node_modules\\body-parser\\lib\\types\\json.js:89:19)\n    at C:\\Users\\wedi_\\react-workspace\\ventilator-api\\node_modules\\body-parser\\lib\\read.js:121:18\n    at invokeCallback (C:\\Users\\wedi_\\react-workspace\\ventilator-api\\node_modules\\raw-body\\index.js:224:16)\n    at done (C:\\Users\\wedi_\\react-workspace\\ventilator-api\\node_modules\\raw-body\\index.js:213:7)\n    at IncomingMessage.onEnd (C:\\Users\\wedi_\\react-workspace\\ventilator-api\\node_modules\\raw-body\\index.js:273:7)\n    at IncomingMessage.emit (events.js:201:15)\n    at endReadableNT (_stream_readable.js:1130:12)\n    at processTicksAndRejections (internal/process/task_queues.js:84:17)","expose":true,"statusCode":400,"status":400,"body":" {\n \tuser[\n \t\t\n \t\t]\n }","type":"entity.parse.failed","level":"error","timestamp":"2020-04-24T17:06:34.824Z"}
{"level":"info","message":"Listening on port 3900...","timestamp":"2020-04-24T17:26:43.761Z"}
{"level":"info","message":"Connected to mongodb://localhost/ventilator...","timestamp":"2020-04-24T17:26:45.796Z"}
{"level":"info","message":"Listening on port 3900...","timestamp":"2020-04-25T01:24:29.113Z"}
{"level":"info","message":"Connected to mongodb://localhost/ventilator...","timestamp":"2020-04-25T01:24:31.148Z"}
{"level":"info","message":"Listening on port 3900...","timestamp":"2020-04-25T05:32:14.962Z"}
{"level":"info","message":"Connected to mongodb://localhost/ventilator...","timestamp":"2020-04-25T05:32:16.999Z"}
{"level":"info","message":"Listening on port 3900...","timestamp":"2020-04-25T13:54:08.076Z"}
{"level":"info","message":"Connected to mongodb://localhost/ventilator...","timestamp":"2020-04-25T13:54:10.129Z"}
{"level":"info","message":"Listening on port 3900...","timestamp":"2020-04-26T01:28:10.590Z"}
{"level":"info","message":"Connected to mongodb://localhost/ventilator...","timestamp":"2020-04-26T01:28:12.629Z"}
{"message":"Cast to ObjectId failed for value \"undefined\" at path \"_id\" for model \"Ventilators\"","stack":"CastError: Cast to ObjectId failed for value \"undefined\" at path \"_id\" for model \"Ventilators\"\n    at new CastError (C:\\Users\\wedi_\\react-workspace\\ventilator-api\\node_modules\\mongoose\\lib\\error\\cast.js:27:11)\n    at ObjectId.cast (C:\\Users\\wedi_\\react-workspace\\ventilator-api\\node_modules\\mongoose\\lib\\schema\\objectid.js:158:13)\n    at ObjectId.SchemaType.applySetters (C:\\Users\\wedi_\\react-workspace\\ventilator-api\\node_modules\\mongoose\\lib\\schematype.js:701:12)\n    at ObjectId.SchemaType._castForQuery (C:\\Users\\wedi_\\react-workspace\\ventilator-api\\node_modules\\mongoose\\lib\\schematype.js:1072:15)\n    at ObjectId.castForQuery (C:\\Users\\wedi_\\react-workspace\\ventilator-api\\node_modules\\mongoose\\lib\\schema\\objectid.js:198:15)\n    at ObjectId.SchemaType.castForQueryWrapper (C:\\Users\\wedi_\\react-workspace\\ventilator-api\\node_modules\\mongoose\\lib\\schematype.js:1041:15)\n    at cast (C:\\Users\\wedi_\\react-workspace\\ventilator-api\\node_modules\\mongoose\\lib\\cast.js:269:32)\n    at model.Query.Query.cast (C:\\Users\\wedi_\\react-workspace\\ventilator-api\\node_modules\\mongoose\\lib\\query.js:3133:12)\n    at model.Query.Query._castConditions (C:\\Users\\wedi_\\react-workspace\\ventilator-api\\node_modules\\mongoose\\lib\\query.js:1269:10)\n    at model.Query.Query._findOneAndRemove (C:\\Users\\wedi_\\react-workspace\\ventilator-api\\node_modules\\mongoose\\lib\\query.js:2241:8)\n    at C:\\Users\\wedi_\\react-workspace\\ventilator-api\\node_modules\\kareem\\index.js:276:8\n    at C:\\Users\\wedi_\\react-workspace\\ventilator-api\\node_modules\\kareem\\index.js:23:7\n    at processTicksAndRejections (internal/process/task_queues.js:82:9)","name":"CastError","stringValue":"\"undefined\"","kind":"ObjectId","value":"undefined","path":"_id","level":"error","timestamp":"2020-04-26T02:42:15.702Z"}
{"message":"Cast to ObjectId failed for value \"undefined\" at path \"_id\" for model \"Ventilators\"","stack":"CastError: Cast to ObjectId failed for value \"undefined\" at path \"_id\" for model \"Ventilators\"\n    at new CastError (C:\\Users\\wedi_\\react-workspace\\ventilator-api\\node_modules\\mongoose\\lib\\error\\cast.js:27:11)\n    at ObjectId.cast (C:\\Users\\wedi_\\react-workspace\\ventilator-api\\node_modules\\mongoose\\lib\\schema\\objectid.js:158:13)\n    at ObjectId.SchemaType.applySetters (C:\\Users\\wedi_\\react-workspace\\ventilator-api\\node_modules\\mongoose\\lib\\schematype.js:701:12)\n    at ObjectId.SchemaType._castForQuery (C:\\Users\\wedi_\\react-workspace\\ventilator-api\\node_modules\\mongoose\\lib\\schematype.js:1072:15)\n    at ObjectId.castForQuery (C:\\Users\\wedi_\\react-workspace\\ventilator-api\\node_modules\\mongoose\\lib\\schema\\objectid.js:198:15)\n    at ObjectId.SchemaType.castForQueryWrapper (C:\\Users\\wedi_\\react-workspace\\ventilator-api\\node_modules\\mongoose\\lib\\schematype.js:1041:15)\n    at cast (C:\\Users\\wedi_\\react-workspace\\ventilator-api\\node_modules\\mongoose\\lib\\cast.js:269:32)\n    at model.Query.Query.cast (C:\\Users\\wedi_\\react-workspace\\ventilator-api\\node_modules\\mongoose\\lib\\query.js:3133:12)\n    at model.Query.Query._castConditions (C:\\Users\\wedi_\\react-workspace\\ventilator-api\\node_modules\\mongoose\\lib\\query.js:1269:10)\n    at model.Query.Query._findOneAndRemove (C:\\Users\\wedi_\\react-workspace\\ventilator-api\\node_modules\\mongoose\\lib\\query.js:2241:8)\n    at C:\\Users\\wedi_\\react-workspace\\ventilator-api\\node_modules\\kareem\\index.js:276:8\n    at C:\\Users\\wedi_\\react-workspace\\ventilator-api\\node_modules\\kareem\\index.js:23:7\n    at processTicksAndRejections (internal/process/task_queues.js:82:9)","name":"CastError","stringValue":"\"undefined\"","kind":"ObjectId","value":"undefined","path":"_id","level":"error","timestamp":"2020-04-26T02:42:25.568Z"}
{"message":"Cast to ObjectId failed for value \"undefined\" at path \"_id\" for model \"Ventilators\"","stack":"CastError: Cast to ObjectId failed for value \"undefined\" at path \"_id\" for model \"Ventilators\"\n    at new CastError (C:\\Users\\wedi_\\react-workspace\\ventilator-api\\node_modules\\mongoose\\lib\\error\\cast.js:27:11)\n    at ObjectId.cast (C:\\Users\\wedi_\\react-workspace\\ventilator-api\\node_modules\\mongoose\\lib\\schema\\objectid.js:158:13)\n    at ObjectId.SchemaType.applySetters (C:\\Users\\wedi_\\react-workspace\\ventilator-api\\node_modules\\mongoose\\lib\\schematype.js:701:12)\n    at ObjectId.SchemaType._castForQuery (C:\\Users\\wedi_\\react-workspace\\ventilator-api\\node_modules\\mongoose\\lib\\schematype.js:1072:15)\n    at ObjectId.castForQuery (C:\\Users\\wedi_\\react-workspace\\ventilator-api\\node_modules\\mongoose\\lib\\schema\\objectid.js:198:15)\n    at ObjectId.SchemaType.castForQueryWrapper (C:\\Users\\wedi_\\react-workspace\\ventilator-api\\node_modules\\mongoose\\lib\\schematype.js:1041:15)\n    at cast (C:\\Users\\wedi_\\react-workspace\\ventilator-api\\node_modules\\mongoose\\lib\\cast.js:269:32)\n    at model.Query.Query.cast (C:\\Users\\wedi_\\react-workspace\\ventilator-api\\node_modules\\mongoose\\lib\\query.js:3133:12)\n    at model.Query.Query._castConditions (C:\\Users\\wedi_\\react-workspace\\ventilator-api\\node_modules\\mongoose\\lib\\query.js:1269:10)\n    at model.Query.Query._findOneAndRemove (C:\\Users\\wedi_\\react-workspace\\ventilator-api\\node_modules\\mongoose\\lib\\query.js:2241:8)\n    at C:\\Users\\wedi_\\react-workspace\\ventilator-api\\node_modules\\kareem\\index.js:276:8\n    at C:\\Users\\wedi_\\react-workspace\\ventilator-api\\node_modules\\kareem\\index.js:23:7\n    at processTicksAndRejections (internal/process/task_queues.js:82:9)","name":"CastError","stringValue":"\"undefined\"","kind":"ObjectId","value":"undefined","path":"_id","level":"error","timestamp":"2020-04-26T02:42:32.013Z"}
{"level":"info","message":"Listening on port 3900...","timestamp":"2020-04-26T04:55:12.555Z"}
{"level":"info","message":"Connected to mongodb://localhost/ventilator...","timestamp":"2020-04-26T04:55:14.591Z"}
{"level":"info","message":"Listening on port 3900...","timestamp":"2020-04-26T11:35:56.231Z"}
{"level":"info","message":"Connected to mongodb://localhost/ventilator...","timestamp":"2020-04-26T11:35:58.271Z"}
{"level":"info","message":"Listening on port 3900...","timestamp":"2020-04-26T12:35:20.587Z"}
{"level":"info","message":"Connected to mongodb://localhost/ventilator...","timestamp":"2020-04-26T12:35:22.622Z"}
{"level":"info","message":"Listening on port 3900...","timestamp":"2020-04-26T12:49:21.297Z"}
{"level":"info","message":"Connected to mongodb://localhost/ventilator...","timestamp":"2020-04-26T12:49:23.331Z"}
{"level":"info","message":"Listening on port 3900...","timestamp":"2020-04-26T13:21:37.083Z"}
{"level":"info","message":"Connected to mongodb://localhost/ventilator...","timestamp":"2020-04-26T13:21:39.123Z"}
{"level":"info","message":"Listening on port 3900...","timestamp":"2020-04-26T13:41:20.315Z"}
{"level":"info","message":"Connected to mongodb://localhost/ventilator...","timestamp":"2020-04-26T13:41:22.350Z"}
{"level":"info","message":"Listening on port 3900...","timestamp":"2020-04-27T01:16:38.468Z"}
{"level":"info","message":"Connected to mongodb://localhost/ventilator...","timestamp":"2020-04-27T01:16:40.509Z"}
{"level":"info","message":"Listening on port 3900...","timestamp":"2020-04-27T19:46:50.260Z"}
{"level":"info","message":"Connected to mongodb://localhost/ventilator...","timestamp":"2020-04-27T19:46:52.298Z"}
{"level":"info","message":"Listening on port 3900...","timestamp":"2020-04-28T00:13:57.382Z"}
{"level":"info","message":"Connected to mongodb://localhost/ventilator...","timestamp":"2020-04-28T00:13:59.421Z"}
{"level":"info","message":"Listening on port 3900...","timestamp":"2020-04-28T22:43:42.278Z"}
{"level":"info","message":"Connected to mongodb://localhost/ventilator...","timestamp":"2020-04-28T22:43:44.322Z"}
{"level":"info","message":"Listening on port 3900...","timestamp":"2020-04-29T19:45:32.611Z"}
{"level":"info","message":"Connected to mongodb://localhost/ventilator...","timestamp":"2020-04-29T19:45:34.646Z"}
{"level":"info","message":"Listening on port 3900...","timestamp":"2020-04-30T00:39:51.605Z"}
{"level":"info","message":"Connected to mongodb://localhost/ventilator...","timestamp":"2020-04-30T00:39:54.355Z"}
{"level":"info","message":"Listening on port 3900...","timestamp":"2020-04-30T21:23:19.324Z"}
{"level":"info","message":"Connected to mongodb://localhost/ventilator...","timestamp":"2020-04-30T21:23:21.507Z"}
{"level":"info","message":"Listening on port 3900...","timestamp":"2020-05-01T13:25:43.425Z"}
{"level":"info","message":"Connected to mongodb://localhost/ventilator...","timestamp":"2020-05-01T13:25:45.543Z"}
{"level":"info","message":"Listening on port 3900...","timestamp":"2020-05-03T23:15:10.130Z"}
{"level":"info","message":"Connected to mongodb://localhost/ventilator...","timestamp":"2020-05-03T23:15:12.185Z"}
{"level":"info","message":"Listening on port 3900...","timestamp":"2020-05-04T11:43:55.370Z"}
{"level":"info","message":"Connected to mongodb://localhost/ventilator...","timestamp":"2020-05-04T11:43:57.475Z"}
{"level":"info","message":"Listening on port 3900...","timestamp":"2020-05-05T20:35:14.011Z"}
{"level":"info","message":"Connected to mongodb://localhost/ventilator...","timestamp":"2020-05-05T20:35:16.052Z"}
{"level":"info","message":"Listening on port 3900...","timestamp":"2020-05-06T01:14:51.474Z"}
{"level":"info","message":"Connected to mongodb://localhost/ventilator...","timestamp":"2020-05-06T01:14:53.513Z"}
{"level":"info","message":"Listening on port 3900...","timestamp":"2020-05-06T17:45:02.474Z"}
{"level":"info","message":"Connected to mongodb://localhost/ventilator...","timestamp":"2020-05-06T17:45:04.565Z"}
{"level":"info","message":"Listening on port 3900...","timestamp":"2020-05-08T00:55:29.243Z"}
{"level":"info","message":"Connected to mongodb://localhost/ventilator...","timestamp":"2020-05-08T00:55:31.712Z"}
{"level":"info","message":"Listening on port 3900...","timestamp":"2020-05-08T14:17:12.015Z"}
{"level":"info","message":"Connected to mongodb://localhost/ventilator...","timestamp":"2020-05-08T14:17:14.056Z"}
{"message":"Cannot read property 'title' of undefined","stack":"TypeError: Cannot read property 'title' of undefined\n    at C:\\Users\\wedi_\\react-workspace\\ventilator-api\\routes\\ventilators.js:55:27","level":"error","timestamp":"2020-05-08T14:25:27.567Z"}
{"message":"Cannot read property 'title' of undefined","stack":"TypeError: Cannot read property 'title' of undefined\n    at C:\\Users\\wedi_\\react-workspace\\ventilator-api\\routes\\ventilators.js:55:27","level":"error","timestamp":"2020-05-08T23:33:03.247Z"}
{"message":"Cannot read property 'title' of undefined","stack":"TypeError: Cannot read property 'title' of undefined\n    at C:\\Users\\wedi_\\react-workspace\\ventilator-api\\routes\\ventilators.js:55:27","level":"error","timestamp":"2020-05-09T00:19:14.934Z"}
{"message":"Cannot read property 'title' of undefined","stack":"TypeError: Cannot read property 'title' of undefined\n    at C:\\Users\\wedi_\\react-workspace\\ventilator-api\\routes\\ventilators.js:55:27","level":"error","timestamp":"2020-05-09T00:22:04.069Z"}
{"level":"info","message":"Listening on port 3900...","timestamp":"2020-05-09T11:10:21.287Z"}
{"level":"info","message":"Connected to mongodb://localhost/ventilator...","timestamp":"2020-05-09T11:10:23.614Z"}
{"level":"info","message":"Listening on port 3900...","timestamp":"2020-05-10T13:07:01.612Z"}
{"level":"info","message":"Connected to mongodb://localhost/ventilator...","timestamp":"2020-05-10T13:07:03.799Z"}
{"level":"info","message":"Listening on port 3900...","timestamp":"2020-05-10T23:04:03.145Z"}
{"level":"info","message":"Connected to mongodb://localhost/ventilator...","timestamp":"2020-05-10T23:04:05.185Z"}
{"level":"info","message":"Listening on port 3900...","timestamp":"2020-05-11T12:20:35.855Z"}
{"level":"info","message":"Connected to mongodb://localhost/ventilator...","timestamp":"2020-05-11T12:20:37.893Z"}
{"level":"info","message":"Listening on port 3900...","timestamp":"2020-05-11T18:28:46.721Z"}
{"level":"info","message":"Connected to mongodb://localhost/ventilator...","timestamp":"2020-05-11T18:28:49.099Z"}
{"level":"info","message":"Listening on port 3900...","timestamp":"2020-05-12T13:27:09.159Z"}
{"level":"info","message":"Connected to mongodb://localhost/ventilator...","timestamp":"2020-05-12T13:27:11.232Z"}
{"level":"info","message":"Listening on port 3900...","timestamp":"2020-05-13T00:18:11.456Z"}
{"level":"info","message":"Connected to mongodb://localhost/ventilator...","timestamp":"2020-05-13T00:18:13.535Z"}
{"level":"info","message":"Listening on port 3900...","timestamp":"2020-05-13T11:41:50.004Z"}
{"level":"info","message":"Connected to mongodb://localhost/ventilator...","timestamp":"2020-05-13T11:41:52.043Z"}
{"level":"info","message":"Listening on port 3900...","timestamp":"2020-05-13T17:12:14.936Z"}
{"level":"info","message":"Connected to mongodb://localhost/ventilator...","timestamp":"2020-05-13T17:12:16.970Z"}
{"level":"info","message":"Listening on port 3900...","timestamp":"2020-05-13T22:13:30.180Z"}
{"level":"info","message":"Connected to mongodb://localhost/ventilator...","timestamp":"2020-05-13T22:13:32.221Z"}
{"level":"info","message":"Listening on port 3900...","timestamp":"2020-05-14T00:38:13.624Z"}
{"level":"info","message":"Connected to mongodb://localhost/ventilator...","timestamp":"2020-05-14T00:38:15.657Z"}
{"level":"info","message":"Listening on port 3900...","timestamp":"2020-05-14T00:40:01.429Z"}
{"level":"info","message":"Connected to mongodb://localhost/ventilator...","timestamp":"2020-05-14T00:40:03.463Z"}
{"level":"info","message":"Listening on port 3900...","timestamp":"2020-05-14T00:42:03.366Z"}
{"level":"info","message":"Connected to mongodb://localhost/ventilator...","timestamp":"2020-05-14T00:42:05.393Z"}
{"level":"info","message":"Listening on port 3900...","timestamp":"2020-05-14T03:21:47.489Z"}
{"level":"info","message":"Connected to mongodb://localhost/ventilator...","timestamp":"2020-05-14T03:21:49.811Z"}
{"level":"info","message":"Listening on port 3900...","timestamp":"2020-05-14T15:16:31.589Z"}
{"level":"info","message":"Connected to mongodb://localhost/ventilator...","timestamp":"2020-05-14T15:16:33.641Z"}
{"level":"info","message":"Listening on port 3900...","timestamp":"2020-05-14T23:34:07.262Z"}
{"level":"info","message":"Connected to mongodb://localhost/ventilator...","timestamp":"2020-05-14T23:34:09.301Z"}
{"level":"info","message":"Listening on port 3900...","timestamp":"2020-05-15T03:26:34.370Z"}
{"level":"info","message":"Connected to mongodb://localhost/ventilator...","timestamp":"2020-05-15T03:26:36.398Z"}
{"level":"info","message":"Listening on port 3900...","timestamp":"2020-05-15T11:13:19.016Z"}
{"level":"info","message":"Connected to mongodb://localhost/ventilator...","timestamp":"2020-05-15T11:13:21.046Z"}
{"level":"info","message":"Listening on port 3900...","timestamp":"2020-05-15T20:43:46.707Z"}
{"level":"info","message":"Connected to mongodb://localhost/ventilator...","timestamp":"2020-05-15T20:43:48.741Z"}
{"level":"info","message":"Listening on port 3900...","timestamp":"2020-05-16T01:46:41.121Z"}
{"level":"info","message":"Connected to mongodb://localhost/ventilator...","timestamp":"2020-05-16T01:46:43.148Z"}
{"level":"info","message":"Listening on port 3900...","timestamp":"2020-05-16T01:55:52.559Z"}
{"level":"info","message":"Connected to mongodb://localhost/ventilator...","timestamp":"2020-05-16T01:55:54.593Z"}
{"level":"info","message":"Listening on port 3900...","timestamp":"2020-05-16T01:58:23.795Z"}
{"level":"info","message":"Connected to mongodb://localhost/ventilator...","timestamp":"2020-05-16T01:58:25.829Z"}
{"level":"info","message":"Listening on port 3900...","timestamp":"2020-05-16T20:26:26.369Z"}
{"level":"info","message":"Connected to mongodb://localhost/ventilator...","timestamp":"2020-05-16T20:26:28.407Z"}
{"level":"info","message":"Listening on port 3900...","timestamp":"2020-05-17T01:52:24.294Z"}
{"level":"info","message":"Connected to mongodb://localhost/ventilator...","timestamp":"2020-05-17T01:52:26.327Z"}
{"level":"info","message":"Listening on port 3900...","timestamp":"2020-05-17T02:48:40.651Z"}
{"level":"info","message":"Connected to mongodb://localhost/ventilator...","timestamp":"2020-05-17T02:48:42.687Z"}
{"level":"info","message":"Listening on port 3900...","timestamp":"2020-05-17T13:31:03.344Z"}
{"level":"info","message":"Connected to mongodb://localhost/ventilator...","timestamp":"2020-05-17T13:31:05.373Z"}
{"level":"info","message":"Listening on port 3900...","timestamp":"2020-05-17T14:01:03.035Z"}
{"level":"info","message":"Connected to mongodb://localhost/ventilator...","timestamp":"2020-05-17T14:01:05.062Z"}
{"level":"info","message":"Listening on port 3900...","timestamp":"2020-05-17T14:09:21.283Z"}
{"level":"info","message":"Connected to mongodb://localhost/ventilator...","timestamp":"2020-05-17T14:09:23.309Z"}
{"level":"info","message":"Listening on port 3900...","timestamp":"2020-05-17T14:11:16.254Z"}
{"level":"info","message":"Connected to mongodb://localhost/ventilator...","timestamp":"2020-05-17T14:11:18.407Z"}
{"level":"info","message":"Listening on port 3900...","timestamp":"2020-05-17T14:12:23.231Z"}
{"level":"info","message":"Connected to mongodb://localhost/ventilator...","timestamp":"2020-05-17T14:12:25.273Z"}
